<?xml version="1.0" encoding="utf-8"?>
<test-run id="2" name="PlaywrightFramework.dll" fullname="D:\Playwright\PlaywrightFramework\bin\Debug\net8.0\PlaywrightFramework.dll" testcasecount="3" result="Failed" start-time="2024-11-25T07:09:05.6831128Z" end-time="2024-11-25T07:12:47.2192037Z" duration="221.536021" total="3" passed="0" failed="3" inconclusive="0" skipped="0" warnings="0" asserts="0" random-seed="1537240341">
  <command-line><![CDATA[D:\Playwright\PlaywrightFramework\bin\Debug\net8.0\PlaywrightFramework.dll]]></command-line>
  <filter />
  <test-suite type="Assembly" id="1007" name="PlaywrightFramework.dll" fullname="D:\Playwright\PlaywrightFramework\bin\Debug\net8.0\PlaywrightFramework.dll" runstate="Runnable" testcasecount="3" result="Failed" site="Child" start-time="2024-11-25T07:09:05.6831128Z" end-time="2024-11-25T07:12:47.2192037Z" duration="221.536021" total="3" passed="0" failed="3" warnings="0" inconclusive="0" skipped="0" asserts="0">
    <environment framework-version="4.2.2.0" clr-version="8.0.11" os-version="Microsoft Windows 10.0.22621" platform="Win32NT" cwd="D:\Playwright\PlaywrightFramework" machine-name="INHL1273" user="VanshdeepK" user-domain="INTERRAIT" culture="en-IN" uiculture="en-US" os-architecture="x64" />
    <settings>
      <setting name="WorkDirectory" value="D:\Playwright\PlaywrightFramework" />
      <setting name="NumberOfTestWorkers" value="8" />
    </settings>
    <properties>
      <property name="_PID" value="22580" />
      <property name="_APPDOMAIN" value="PlaywrightFramework" />
    </properties>
    <failure>
      <message><![CDATA[One or more child tests had errors]]></message>
    </failure>
    <test-suite type="SetUpFixture" id="1000" name="[default namespace]" fullname="Setup" classname="Setup" runstate="Runnable" testcasecount="3" result="Failed" site="Child" start-time="2024-11-25T07:09:05.6940679Z" end-time="2024-11-25T07:12:47.2190702Z" duration="221.525003" total="3" passed="0" failed="3" warnings="0" inconclusive="0" skipped="0" asserts="0">
      <failure>
        <message><![CDATA[One or more child tests had errors]]></message>
      </failure>
      <test-suite type="TestSuite" id="1008" name="PlaywrightFramework" fullname="PlaywrightFramework" runstate="Runnable" testcasecount="3" result="Failed" site="Child" start-time="2024-11-25T07:09:05.7318398Z" end-time="2024-11-25T07:12:37.0261015Z" duration="211.294262" total="3" passed="0" failed="3" warnings="0" inconclusive="0" skipped="0" asserts="0">
        <failure>
          <message><![CDATA[One or more child tests had errors]]></message>
        </failure>
        <test-suite type="TestSuite" id="1009" name="Tests" fullname="PlaywrightFramework.Tests" runstate="Runnable" testcasecount="3" result="Failed" site="Child" start-time="2024-11-25T07:09:05.7319476Z" end-time="2024-11-25T07:12:37.0258852Z" duration="211.293938" total="3" passed="0" failed="3" warnings="0" inconclusive="0" skipped="0" asserts="0">
          <failure>
            <message><![CDATA[One or more child tests had errors]]></message>
          </failure>
          <test-suite type="TestFixture" id="1001" name="AddTeamMemberTests" fullname="PlaywrightFramework.Tests.AddTeamMemberTests" classname="PlaywrightFramework.Tests.AddTeamMemberTests" runstate="Runnable" testcasecount="1" result="Failed" site="Child" start-time="2024-11-25T07:09:05.7319826Z" end-time="2024-11-25T07:10:19.0115177Z" duration="73.279537" total="1" passed="0" failed="1" warnings="0" inconclusive="0" skipped="0" asserts="0">
            <failure>
              <message><![CDATA[One or more child tests had errors]]></message>
            </failure>
            <test-case id="1002" name="AddTeamMemberTest" fullname="PlaywrightFramework.Tests.AddTeamMemberTests.AddTeamMemberTest" methodname="AddTeamMemberTest" classname="PlaywrightFramework.Tests.AddTeamMemberTests" runstate="Runnable" seed="638572209" result="Failed" label="Error" start-time="2024-11-25T07:09:05.7321434Z" end-time="2024-11-25T07:10:19.0024765Z" duration="73.270547" asserts="0">
              <properties>
                <property name="Category" value="Extent" />
              </properties>
              <failure>
                <message><![CDATA[System.TimeoutException : Timeout 60000ms exceeded.
Call log:
  - waiting for Locator("a[href='/core/setup']")]]></message>
                <stack-trace><![CDATA[   at Microsoft.Playwright.Transport.Connection.InnerSendMessageToServerAsync[T](ChannelOwner object, String method, Dictionary`2 dictionary, Boolean keepNulls) in /_/src/Playwright/Transport/Connection.cs:line 206
   at Microsoft.Playwright.Transport.Connection.WrapApiCallAsync[T](Func`1 action, Boolean isInternal) in /_/src/Playwright/Transport/Connection.cs:line 535
   at PlaywrightFramework.Pages.MainMenu.navigateToSetup(PageClickOptions pco) in D:\Playwright\PlaywrightFramework\Pages\MainMenu.cs:line 13
   at PlaywrightFramework.Tests.AddTeamMemberTests.AddTeamMemberTest() in D:\Playwright\PlaywrightFramework\Tests\AddTeamMembersTests.cs:line 79
   at NUnit.Framework.Internal.TaskAwaitAdapter.GenericAdapter`1.BlockUntilCompleted()
   at NUnit.Framework.Internal.MessagePumpStrategy.NoMessagePumpStrategy.WaitForCompletion(AwaitAdapter awaiter)
   at NUnit.Framework.Internal.AsyncToSyncAdapter.Await[TResult](Func`1 invoke)
   at NUnit.Framework.Internal.AsyncToSyncAdapter.Await(Func`1 invoke)
   at NUnit.Framework.Internal.Commands.TestMethodCommand.RunTestMethod(TestExecutionContext context)
   at NUnit.Framework.Internal.Commands.TestMethodCommand.Execute(TestExecutionContext context)
   at NUnit.Framework.Internal.Commands.BeforeAndAfterTestCommand.<>c__DisplayClass1_0.<Execute>b__0()
   at NUnit.Framework.Internal.Commands.DelegatingTestCommand.RunTestMethodInThreadAbortSafeZone(TestExecutionContext context, Action action)]]></stack-trace>
              </failure>
            </test-case>
          </test-suite>
          <test-suite type="TestFixture" id="1003" name="DeleteTeamMemberTests" fullname="PlaywrightFramework.Tests.DeleteTeamMemberTests" classname="PlaywrightFramework.Tests.DeleteTeamMemberTests" runstate="Runnable" testcasecount="1" result="Failed" site="Child" start-time="2024-11-25T07:10:19.0151471Z" end-time="2024-11-25T07:11:27.8808077Z" duration="68.865660" total="1" passed="0" failed="1" warnings="0" inconclusive="0" skipped="0" asserts="0">
            <failure>
              <message><![CDATA[One or more child tests had errors]]></message>
            </failure>
            <test-case id="1004" name="DeleteTeamMemberTest" fullname="PlaywrightFramework.Tests.DeleteTeamMemberTests.DeleteTeamMemberTest" methodname="DeleteTeamMemberTest" classname="PlaywrightFramework.Tests.DeleteTeamMemberTests" runstate="Runnable" seed="1502125382" result="Failed" label="Error" start-time="2024-11-25T07:10:19.0154064Z" end-time="2024-11-25T07:11:27.8806833Z" duration="68.865278" asserts="0">
              <properties>
                <property name="Category" value="Extent" />
              </properties>
              <failure>
                <message><![CDATA[System.TimeoutException : Timeout 30000ms exceeded.
Call log:
  - waiting for Locator("a:has-text('Edit')").First to be visible]]></message>
                <stack-trace><![CDATA[   at Microsoft.Playwright.Transport.Connection.InnerSendMessageToServerAsync[T](ChannelOwner object, String method, Dictionary`2 dictionary, Boolean keepNulls) in /_/src/Playwright/Transport/Connection.cs:line 206
   at Microsoft.Playwright.Transport.Connection.WrapApiCallAsync[T](Func`1 action, Boolean isInternal) in /_/src/Playwright/Transport/Connection.cs:line 535
   at PlaywrightFramework.Pages.SearchTeamMemberPage.ClickOnEditTeamMember() in D:\Playwright\PlaywrightFramework\Pages\SearchTeamMemberPage.cs:line 114
   at PlaywrightFramework.Tests.DeleteTeamMemberTests.DeleteTeamMemberTest() in D:\Playwright\PlaywrightFramework\Tests\DeleteTeamMemberTests.cs:line 103
   at NUnit.Framework.Internal.TaskAwaitAdapter.GenericAdapter`1.BlockUntilCompleted()
   at NUnit.Framework.Internal.MessagePumpStrategy.NoMessagePumpStrategy.WaitForCompletion(AwaitAdapter awaiter)
   at NUnit.Framework.Internal.AsyncToSyncAdapter.Await[TResult](Func`1 invoke)
   at NUnit.Framework.Internal.AsyncToSyncAdapter.Await(Func`1 invoke)
   at NUnit.Framework.Internal.Commands.TestMethodCommand.RunTestMethod(TestExecutionContext context)
   at NUnit.Framework.Internal.Commands.TestMethodCommand.Execute(TestExecutionContext context)
   at NUnit.Framework.Internal.Commands.BeforeAndAfterTestCommand.<>c__DisplayClass1_0.<Execute>b__0()
   at NUnit.Framework.Internal.Commands.DelegatingTestCommand.RunTestMethodInThreadAbortSafeZone(TestExecutionContext context, Action action)]]></stack-trace>
              </failure>
              <output><![CDATA[Setup done
The page contains 'Team Members'
FirstName: Adriana
Search count in GetCountOfSearchResults function is 1
Search count in CountOfSearchResults function is 1
]]></output>
            </test-case>
          </test-suite>
          <test-suite type="TestFixture" id="1005" name="EditTeamMemberTests" fullname="PlaywrightFramework.Tests.EditTeamMemberTests" classname="PlaywrightFramework.Tests.EditTeamMemberTests" runstate="Runnable" testcasecount="1" result="Failed" site="Child" start-time="2024-11-25T07:11:27.8808613Z" end-time="2024-11-25T07:12:37.0256913Z" duration="69.144831" total="1" passed="0" failed="1" warnings="0" inconclusive="0" skipped="0" asserts="0">
            <failure>
              <message><![CDATA[One or more child tests had errors]]></message>
            </failure>
            <test-case id="1006" name="EditTeamMemberTest" fullname="PlaywrightFramework.Tests.EditTeamMemberTests.EditTeamMemberTest" methodname="EditTeamMemberTest" classname="PlaywrightFramework.Tests.EditTeamMemberTests" runstate="Runnable" seed="1586935853" result="Failed" label="Error" start-time="2024-11-25T07:11:27.8810491Z" end-time="2024-11-25T07:12:37.0253180Z" duration="69.144270" asserts="0">
              <properties>
                <property name="Category" value="Extent" />
              </properties>
              <failure>
                <message><![CDATA[System.TimeoutException : Timeout 30000ms exceeded.
Call log:
  - waiting for Locator("a:has-text('Edit')").First to be visible]]></message>
                <stack-trace><![CDATA[   at Microsoft.Playwright.Transport.Connection.InnerSendMessageToServerAsync[T](ChannelOwner object, String method, Dictionary`2 dictionary, Boolean keepNulls) in /_/src/Playwright/Transport/Connection.cs:line 206
   at Microsoft.Playwright.Transport.Connection.WrapApiCallAsync[T](Func`1 action, Boolean isInternal) in /_/src/Playwright/Transport/Connection.cs:line 535
   at PlaywrightFramework.Pages.SearchTeamMemberPage.ClickOnEditTeamMember() in D:\Playwright\PlaywrightFramework\Pages\SearchTeamMemberPage.cs:line 114
   at PlaywrightFramework.Tests.EditTeamMemberTests.EditTeamMemberTest() in D:\Playwright\PlaywrightFramework\Tests\EditTeamMemberTests.cs:line 95
   at NUnit.Framework.Internal.TaskAwaitAdapter.GenericAdapter`1.BlockUntilCompleted()
   at NUnit.Framework.Internal.MessagePumpStrategy.NoMessagePumpStrategy.WaitForCompletion(AwaitAdapter awaiter)
   at NUnit.Framework.Internal.AsyncToSyncAdapter.Await[TResult](Func`1 invoke)
   at NUnit.Framework.Internal.AsyncToSyncAdapter.Await(Func`1 invoke)
   at NUnit.Framework.Internal.Commands.TestMethodCommand.RunTestMethod(TestExecutionContext context)
   at NUnit.Framework.Internal.Commands.TestMethodCommand.Execute(TestExecutionContext context)
   at NUnit.Framework.Internal.Commands.BeforeAndAfterTestCommand.<>c__DisplayClass1_0.<Execute>b__0()
   at NUnit.Framework.Internal.Commands.DelegatingTestCommand.RunTestMethodInThreadAbortSafeZone(TestExecutionContext context, Action action)]]></stack-trace>
              </failure>
              <output><![CDATA[Setup done
The page contains 'Team Members'
FirstName: Adriana
FirstName before editing is Adriana
]]></output>
            </test-case>
          </test-suite>
        </test-suite>
      </test-suite>
    </test-suite>
  </test-suite>
</test-run>